#
# There is insufficient memory for the Java Runtime Environment to continue.
# Native memory allocation (malloc) failed to allocate 409936 bytes for Chunk::new
# Possible reasons:
#   The system is out of physical RAM or swap space
#   The process is running with CompressedOops enabled, and the Java Heap may be blocking the growth of the native heap
# Possible solutions:
#   Reduce memory load on the system
#   Increase physical memory or swap space
#   Check if swap backing store is full
#   Decrease Java heap size (-Xmx/-Xms)
#   Decrease number of Java threads
#   Decrease Java thread stack sizes (-Xss)
#   Set larger code cache with -XX:ReservedCodeCacheSize=
#   JVM is running with Unscaled Compressed Oops mode in which the Java heap is
#     placed in the first 4GB address space. The Java Heap base address is the
#     maximum limit for the native heap growth. Please use -XX:HeapBaseMinAddress
#     to set the Java Heap base and to place the Java Heap above 4GB virtual address.
# This output file may be truncated or incomplete.
#
#  Out of Memory Error (arena.cpp:191), pid=17480, tid=19464
#
# JRE version: OpenJDK Runtime Environment (17.0.9) (build 17.0.9+0--11185874)
# Java VM: OpenJDK 64-Bit Server VM (17.0.9+0--11185874, mixed mode, tiered, compressed oops, compressed class ptrs, g1 gc, windows-amd64)
# No core dump will be written. Minidumps are not enabled by default on client versions of Windows
#

---------------  S U M M A R Y ------------

Command Line: -Dorg.gradle.appname=gradlew org.gradle.wrapper.GradleWrapperMain -q -Ptarget-platform=android-arm64 -Ptarget=C:\Users\monda\OneDrive\Desktop\workspace\my_gender\lib\main.dart -Pbase-application-name=android.app.Application -Pdart-defines=RkxVVFRFUl9XRUJfQ0FOVkFTS0lUX1VSTD1odHRwczovL3d3dy5nc3RhdGljLmNvbS9mbHV0dGVyLWNhbnZhc2tpdC9mNjM0NGI3NWRjZjg2MWQ4YmYxZjEzMjI3ODBiODgxMWY5ODJlMzFhLw== -Pdart-obfuscation=false -Ptrack-widget-creation=true -Ptree-shake-icons=false -Pfilesystem-scheme=org-dartlang-root assembleDebug

Host: Intel(R) Core(TM) i7-6600U CPU @ 2.60GHz, 4 cores, 7G,  Windows 11 , 64 bit Build 22621 (10.0.22621.1537)
Time: Fri Jun  7 15:20:18 2024 W. Central Africa Standard Time elapsed time: 8.014441 seconds (0d 0h 0m 8s)

---------------  T H R E A D  ---------------

Current thread (0x000001f8cb4a20d0):  JavaThread "C2 CompilerThread0" daemon [_thread_in_native, id=19464, stack(0x0000005f20c00000,0x0000005f20d00000)]


Current CompileTask:
C2:   8014 1151 %     4       java.io.WinNTFileSystem::normalize @ 22 (143 bytes)

Stack: [0x0000005f20c00000,0x0000005f20d00000]
Native frames: (J=compiled Java code, j=interpreted, Vv=VM code, C=native code)
V  [jvm.dll+0x6886e9]
V  [jvm.dll+0x841e4a]
V  [jvm.dll+0x843a8e]
V  [jvm.dll+0x8440f3]
V  [jvm.dll+0x24c14f]
V  [jvm.dll+0xac44c]
V  [jvm.dll+0xaca9c]
V  [jvm.dll+0x36c1a2]
V  [jvm.dll+0x33651a]
V  [jvm.dll+0x3359ba]
V  [jvm.dll+0x21ddb1]
V  [jvm.dll+0x21d1d1]
V  [jvm.dll+0x1a674d]
V  [jvm.dll+0x22d088]
V  [jvm.dll+0x22b1c0]
V  [jvm.dll+0x7f62f7]
V  [jvm.dll+0x7f06aa]
V  [jvm.dll+0x687565]
C  [ucrtbase.dll+0x29363]
C  [KERNEL32.DLL+0x1269d]
C  [ntdll.dll+0x5a9f8]


---------------  P R O C E S S  ---------------

Threads class SMR info:
_java_thread_list=0x000001f8d0a4b1b0, length=13, elements={
0x000001f8b1e0f2e0, 0x000001f8cb317120, 0x000001f8cb452090, 0x000001f8cb49b680,
0x000001f8cb49e050, 0x000001f8cb49ea10, 0x000001f8cb49f3d0, 0x000001f8cb4a20d0,
0x000001f8cb4c07f0, 0x000001f8cb4c15e0, 0x000001f8cb60e7f0, 0x000001f8cb624010,
0x000001f8d02232b0
}

Java Threads: ( => current thread )
  0x000001f8b1e0f2e0 JavaThread "main" [_thread_in_vm, id=23020, stack(0x0000005f1ff00000,0x0000005f20000000)]
  0x000001f8cb317120 JavaThread "Reference Handler" daemon [_thread_blocked, id=5092, stack(0x0000005f20600000,0x0000005f20700000)]
  0x000001f8cb452090 JavaThread "Finalizer" daemon [_thread_blocked, id=20128, stack(0x0000005f20700000,0x0000005f20800000)]
  0x000001f8cb49b680 JavaThread "Signal Dispatcher" daemon [_thread_blocked, id=20948, stack(0x0000005f20800000,0x0000005f20900000)]
  0x000001f8cb49e050 JavaThread "Attach Listener" daemon [_thread_blocked, id=17308, stack(0x0000005f20900000,0x0000005f20a00000)]
  0x000001f8cb49ea10 JavaThread "Service Thread" daemon [_thread_blocked, id=22776, stack(0x0000005f20a00000,0x0000005f20b00000)]
  0x000001f8cb49f3d0 JavaThread "Monitor Deflation Thread" daemon [_thread_blocked, id=17516, stack(0x0000005f20b00000,0x0000005f20c00000)]
=>0x000001f8cb4a20d0 JavaThread "C2 CompilerThread0" daemon [_thread_in_native, id=19464, stack(0x0000005f20c00000,0x0000005f20d00000)]
  0x000001f8cb4c07f0 JavaThread "C1 CompilerThread0" daemon [_thread_blocked, id=20516, stack(0x0000005f20d00000,0x0000005f20e00000)]
  0x000001f8cb4c15e0 JavaThread "Sweeper thread" daemon [_thread_blocked, id=10012, stack(0x0000005f20e00000,0x0000005f20f00000)]
  0x000001f8cb60e7f0 JavaThread "Notification Thread" daemon [_thread_blocked, id=21240, stack(0x0000005f20f00000,0x0000005f21000000)]
  0x000001f8cb624010 JavaThread "Common-Cleaner" daemon [_thread_blocked, id=20156, stack(0x0000005f21100000,0x0000005f21200000)]
  0x000001f8d02232b0 JavaThread "pool-1-thread-1" [_thread_blocked, id=17196, stack(0x0000005f21200000,0x0000005f21300000)]

Other Threads:
  0x000001f8cb311650 VMThread "VM Thread" [stack: 0x0000005f20500000,0x0000005f20600000] [id=16912]
  0x000001f8cb546270 WatcherThread [stack: 0x0000005f21000000,0x0000005f21100000] [id=22964]
  0x000001f8b1e6a5d0 GCTaskThread "GC Thread#0" [stack: 0x0000005f20000000,0x0000005f20100000] [id=13020]
  0x000001f8d0379d00 GCTaskThread "GC Thread#1" [stack: 0x0000005f21300000,0x0000005f21400000] [id=11164]
  0x000001f8d0379fc0 GCTaskThread "GC Thread#2" [stack: 0x0000005f21400000,0x0000005f21500000] [id=9604]
  0x000001f8d02fdcb0 GCTaskThread "GC Thread#3" [stack: 0x0000005f21500000,0x0000005f21600000] [id=12560]
  0x000001f8b1e7ca70 ConcurrentGCThread "G1 Main Marker" [stack: 0x0000005f20100000,0x0000005f20200000] [id=8280]
  0x000001f8b1e7d490 ConcurrentGCThread "G1 Conc#0" [stack: 0x0000005f20200000,0x0000005f20300000] [id=10112]
  0x000001f8b1eaeb10 ConcurrentGCThread "G1 Refine#0" [stack: 0x0000005f20300000,0x0000005f20400000] [id=996]
  0x000001f8cb16a760 ConcurrentGCThread "G1 Service" [stack: 0x0000005f20400000,0x0000005f20500000] [id=5920]

Threads with active compile tasks:
C2 CompilerThread0     8126 1151 %     4       java.io.WinNTFileSystem::normalize @ 22 (143 bytes)

VM state: not at safepoint (normal execution)

VM Mutex/Monitor currently owned by a thread: None

Heap address: 0x0000000081e00000, size: 2018 MB, Compressed Oops mode: 32-bit

CDS archive(s) not mapped
Compressed class space mapped at: 0x0000000100000000-0x0000000140000000, reserved size: 1073741824
Narrow klass base: 0x0000000000000000, Narrow klass shift: 3, Narrow klass range: 0x140000000

GC Precious Log:
 CPUs: 4 total, 4 available
 Memory: 8067M
 Large Page Support: Disabled
 NUMA Support: Disabled
 Compressed Oops: Enabled (32-bit)
 Heap Region Size: 1M
 Heap Min Capacity: 8M
 Heap Initial Capacity: 128M
 Heap Max Capacity: 2018M
 Pre-touch: Disabled
 Parallel Workers: 4
 Concurrent Workers: 1
 Concurrent Refinement Workers: 4
 Periodic GC: Disabled

Heap:
 garbage-first heap   total 131072K, used 18195K [0x0000000081e00000, 0x0000000100000000)
  region size 1024K, 12 young (12288K), 3 survivors (3072K)
 Metaspace       used 15191K, committed 15360K, reserved 1114112K
  class space    used 1772K, committed 1856K, reserved 1048576K

Heap Regions: E=young(eden), S=young(survivor), O=old, HS=humongous(starts), HC=humongous(continues), CS=collection set, F=free, OA=open archive, CA=closed archive, TAMS=top-at-mark-start (previous, next)
|   0|0x0000000081e00000, 0x0000000081f00000, 0x0000000081f00000|100%| O|  |TAMS 0x0000000081e00000, 0x0000000081e00000| Untracked 
|   1|0x0000000081f00000, 0x0000000082000000, 0x0000000082000000|100%| O|  |TAMS 0x0000000081f00000, 0x0000000081f00000| Untracked 
|   2|0x0000000082000000, 0x0000000082100000, 0x0000000082100000|100%|HS|  |TAMS 0x0000000082000000, 0x0000000082000000| Complete 
|   3|0x0000000082100000, 0x0000000082200000, 0x0000000082200000|100%|HC|  |TAMS 0x0000000082100000, 0x0000000082100000| Complete 
|   4|0x0000000082200000, 0x0000000082300000, 0x0000000082300000|100%|HC|  |TAMS 0x0000000082200000, 0x0000000082200000| Complete 
|   5|0x0000000082300000, 0x0000000082400000, 0x0000000082400000|100%| O|  |TAMS 0x0000000082300000, 0x0000000082300000| Untracked 
|   6|0x0000000082400000, 0x00000000824c4c00, 0x0000000082500000| 76%| O|  |TAMS 0x0000000082400000, 0x0000000082400000| Untracked 
|   7|0x0000000082500000, 0x0000000082500000, 0x0000000082600000|  0%| F|  |TAMS 0x0000000082500000, 0x0000000082500000| Untracked 
|   8|0x0000000082600000, 0x0000000082600000, 0x0000000082700000|  0%| F|  |TAMS 0x0000000082600000, 0x0000000082600000| Untracked 
|   9|0x0000000082700000, 0x0000000082700000, 0x0000000082800000|  0%| F|  |TAMS 0x0000000082700000, 0x0000000082700000| Untracked 
|  10|0x0000000082800000, 0x0000000082800000, 0x0000000082900000|  0%| F|  |TAMS 0x0000000082800000, 0x0000000082800000| Untracked 
|  11|0x0000000082900000, 0x0000000082900000, 0x0000000082a00000|  0%| F|  |TAMS 0x0000000082900000, 0x0000000082900000| Untracked 
|  12|0x0000000082a00000, 0x0000000082a00000, 0x0000000082b00000|  0%| F|  |TAMS 0x0000000082a00000, 0x0000000082a00000| Untracked 
|  13|0x0000000082b00000, 0x0000000082b00000, 0x0000000082c00000|  0%| F|  |TAMS 0x0000000082b00000, 0x0000000082b00000| Untracked 
|  14|0x0000000082c00000, 0x0000000082c00000, 0x0000000082d00000|  0%| F|  |TAMS 0x0000000082c00000, 0x0000000082c00000| Untracked 
|  15|0x0000000082d00000, 0x0000000082d00000, 0x0000000082e00000|  0%| F|  |TAMS 0x0000000082d00000, 0x0000000082d00000| Untracked 
|  16|0x0000000082e00000, 0x0000000082e00000, 0x0000000082f00000|  0%| F|  |TAMS 0x0000000082e00000, 0x0000000082e00000| Untracked 
|  17|0x0000000082f00000, 0x0000000082f00000, 0x0000000083000000|  0%| F|  |TAMS 0x0000000082f00000, 0x0000000082f00000| Untracked 
|  18|0x0000000083000000, 0x0000000083000000, 0x0000000083100000|  0%| F|  |TAMS 0x0000000083000000, 0x0000000083000000| Untracked 
|  19|0x0000000083100000, 0x0000000083100000, 0x0000000083200000|  0%| F|  |TAMS 0x0000000083100000, 0x0000000083100000| Untracked 
|  20|0x0000000083200000, 0x0000000083200000, 0x0000000083300000|  0%| F|  |TAMS 0x0000000083200000, 0x0000000083200000| Untracked 
|  21|0x0000000083300000, 0x0000000083300000, 0x0000000083400000|  0%| F|  |TAMS 0x0000000083300000, 0x0000000083300000| Untracked 
|  22|0x0000000083400000, 0x0000000083400000, 0x0000000083500000|  0%| F|  |TAMS 0x0000000083400000, 0x0000000083400000| Untracked 
|  23|0x0000000083500000, 0x0000000083500000, 0x0000000083600000|  0%| F|  |TAMS 0x0000000083500000, 0x0000000083500000| Untracked 
|  24|0x0000000083600000, 0x0000000083600000, 0x0000000083700000|  0%| F|  |TAMS 0x0000000083600000, 0x0000000083600000| Untracked 
|  25|0x0000000083700000, 0x0000000083700000, 0x0000000083800000|  0%| F|  |TAMS 0x0000000083700000, 0x0000000083700000| Untracked 
|  26|0x0000000083800000, 0x0000000083800000, 0x0000000083900000|  0%| F|  |TAMS 0x0000000083800000, 0x0000000083800000| Untracked 
|  27|0x0000000083900000, 0x0000000083900000, 0x0000000083a00000|  0%| F|  |TAMS 0x0000000083900000, 0x0000000083900000| Untracked 
|  28|0x0000000083a00000, 0x0000000083a00000, 0x0000000083b00000|  0%| F|  |TAMS 0x0000000083a00000, 0x0000000083a00000| Untracked 
|  29|0x0000000083b00000, 0x0000000083b00000, 0x0000000083c00000|  0%| F|  |TAMS 0x0000000083b00000, 0x0000000083b00000| Untracked 
|  30|0x0000000083c00000, 0x0000000083c00000, 0x0000000083d00000|  0%| F|  |TAMS 0x0000000083c00000, 0x0000000083c00000| Untracked 
|  31|0x0000000083d00000, 0x0000000083d00000, 0x0000000083e00000|  0%| F|  |TAMS 0x0000000083d00000, 0x0000000083d00000| Untracked 
|  32|0x0000000083e00000, 0x0000000083e00000, 0x0000000083f00000|  0%| F|  |TAMS 0x0000000083e00000, 0x0000000083e00000| Untracked 
|  33|0x0000000083f00000, 0x0000000083f00000, 0x0000000084000000|  0%| F|  |TAMS 0x0000000083f00000, 0x0000000083f00000| Untracked 
|  34|0x0000000084000000, 0x0000000084000000, 0x0000000084100000|  0%| F|  |TAMS 0x0000000084000000, 0x0000000084000000| Untracked 
|  35|0x0000000084100000, 0x0000000084100000, 0x0000000084200000|  0%| F|  |TAMS 0x0000000084100000, 0x0000000084100000| Untracked 
|  36|0x0000000084200000, 0x0000000084200000, 0x0000000084300000|  0%| F|  |TAMS 0x0000000084200000, 0x0000000084200000| Untracked 
|  37|0x0000000084300000, 0x0000000084300000, 0x0000000084400000|  0%| F|  |TAMS 0x0000000084300000, 0x0000000084300000| Untracked 
|  38|0x0000000084400000, 0x0000000084400000, 0x0000000084500000|  0%| F|  |TAMS 0x0000000084400000, 0x0000000084400000| Untracked 
|  39|0x0000000084500000, 0x0000000084500000, 0x0000000084600000|  0%| F|  |TAMS 0x0000000084500000, 0x0000000084500000| Untracked 
|  40|0x0000000084600000, 0x0000000084600000, 0x0000000084700000|  0%| F|  |TAMS 0x0000000084600000, 0x0000000084600000| Untracked 
|  41|0x0000000084700000, 0x0000000084700000, 0x0000000084800000|  0%| F|  |TAMS 0x0000000084700000, 0x0000000084700000| Untracked 
|  42|0x0000000084800000, 0x0000000084800000, 0x0000000084900000|  0%| F|  |TAMS 0x0000000084800000, 0x0000000084800000| Untracked 
|  43|0x0000000084900000, 0x0000000084900000, 0x0000000084a00000|  0%| F|  |TAMS 0x0000000084900000, 0x0000000084900000| Untracked 
|  44|0x0000000084a00000, 0x0000000084a00000, 0x0000000084b00000|  0%| F|  |TAMS 0x0000000084a00000, 0x0000000084a00000| Untracked 
|  45|0x0000000084b00000, 0x0000000084b00000, 0x0000000084c00000|  0%| F|  |TAMS 0x0000000084b00000, 0x0000000084b00000| Untracked 
|  46|0x0000000084c00000, 0x0000000084c00000, 0x0000000084d00000|  0%| F|  |TAMS 0x0000000084c00000, 0x0000000084c00000| Untracked 
|  47|0x0000000084d00000, 0x0000000084d00000, 0x0000000084e00000|  0%| F|  |TAMS 0x0000000084d00000, 0x0000000084d00000| Untracked 
|  48|0x0000000084e00000, 0x0000000084e00000, 0x0000000084f00000|  0%| F|  |TAMS 0x0000000084e00000, 0x0000000084e00000| Untracked 
|  49|0x0000000084f00000, 0x0000000084f00000, 0x0000000085000000|  0%| F|  |TAMS 0x0000000084f00000, 0x0000000084f00000| Untracked 
|  50|0x0000000085000000, 0x0000000085000000, 0x0000000085100000|  0%| F|  |TAMS 0x0000000085000000, 0x0000000085000000| Untracked 
|  51|0x0000000085100000, 0x0000000085100000, 0x0000000085200000|  0%| F|  |TAMS 0x0000000085100000, 0x0000000085100000| Untracked 
|  52|0x0000000085200000, 0x0000000085200000, 0x0000000085300000|  0%| F|  |TAMS 0x0000000085200000, 0x0000000085200000| Untracked 
|  53|0x0000000085300000, 0x0000000085300000, 0x0000000085400000|  0%| F|  |TAMS 0x0000000085300000, 0x0000000085300000| Untracked 
|  54|0x0000000085400000, 0x0000000085400000, 0x0000000085500000|  0%| F|  |TAMS 0x0000000085400000, 0x0000000085400000| Untracked 
|  55|0x0000000085500000, 0x0000000085500000, 0x0000000085600000|  0%| F|  |TAMS 0x0000000085500000, 0x0000000085500000| Untracked 
|  56|0x0000000085600000, 0x0000000085600000, 0x0000000085700000|  0%| F|  |TAMS 0x0000000085600000, 0x0000000085600000| Untracked 
|  57|0x0000000085700000, 0x0000000085700000, 0x0000000085800000|  0%| F|  |TAMS 0x0000000085700000, 0x0000000085700000| Untracked 
|  58|0x0000000085800000, 0x0000000085800000, 0x0000000085900000|  0%| F|  |TAMS 0x0000000085800000, 0x0000000085800000| Untracked 
|  59|0x0000000085900000, 0x0000000085900000, 0x0000000085a00000|  0%| F|  |TAMS 0x0000000085900000, 0x0000000085900000| Untracked 
|  60|0x0000000085a00000, 0x0000000085a00000, 0x0000000085b00000|  0%| F|  |TAMS 0x0000000085a00000, 0x0000000085a00000| Untracked 
|  61|0x0000000085b00000, 0x0000000085b00000, 0x0000000085c00000|  0%| F|  |TAMS 0x0000000085b00000, 0x0000000085b00000| Untracked 
|  62|0x0000000085c00000, 0x0000000085c00000, 0x0000000085d00000|  0%| F|  |TAMS 0x0000000085c00000, 0x0000000085c00000| Untracked 
|  63|0x0000000085d00000, 0x0000000085d00000, 0x0000000085e00000|  0%| F|  |TAMS 0x0000000085d00000, 0x0000000085d00000| Untracked 
|  64|0x0000000085e00000, 0x0000000085e00000, 0x0000000085f00000|  0%| F|  |TAMS 0x0000000085e00000, 0x0000000085e00000| Untracked 
|  65|0x0000000085f00000, 0x0000000085f00000, 0x0000000086000000|  0%| F|  |TAMS 0x0000000085f00000, 0x0000000085f00000| Untracked 
|  66|0x0000000086000000, 0x0000000086000000, 0x0000000086100000|  0%| F|  |TAMS 0x0000000086000000, 0x0000000086000000| Untracked 
|  67|0x0000000086100000, 0x0000000086100000, 0x0000000086200000|  0%| F|  |TAMS 0x0000000086100000, 0x0000000086100000| Untracked 
|  68|0x0000000086200000, 0x0000000086200000, 0x0000000086300000|  0%| F|  |TAMS 0x0000000086200000, 0x0000000086200000| Untracked 
|  69|0x0000000086300000, 0x0000000086300000, 0x0000000086400000|  0%| F|  |TAMS 0x0000000086300000, 0x0000000086300000| Untracked 
|  70|0x0000000086400000, 0x0000000086400000, 0x0000000086500000|  0%| F|  |TAMS 0x0000000086400000, 0x0000000086400000| Untracked 
|  71|0x0000000086500000, 0x0000000086500000, 0x0000000086600000|  0%| F|  |TAMS 0x0000000086500000, 0x0000000086500000| Untracked 
|  72|0x0000000086600000, 0x0000000086600000, 0x0000000086700000|  0%| F|  |TAMS 0x0000000086600000, 0x0000000086600000| Untracked 
|  73|0x0000000086700000, 0x0000000086700000, 0x0000000086800000|  0%| F|  |TAMS 0x0000000086700000, 0x0000000086700000| Untracked 
|  74|0x0000000086800000, 0x0000000086800000, 0x0000000086900000|  0%| F|  |TAMS 0x0000000086800000, 0x0000000086800000| Untracked 
|  75|0x0000000086900000, 0x0000000086900000, 0x0000000086a00000|  0%| F|  |TAMS 0x0000000086900000, 0x0000000086900000| Untracked 
|  76|0x0000000086a00000, 0x0000000086a00000, 0x0000000086b00000|  0%| F|  |TAMS 0x0000000086a00000, 0x0000000086a00000| Untracked 
|  77|0x0000000086b00000, 0x0000000086b00000, 0x0000000086c00000|  0%| F|  |TAMS 0x0000000086b00000, 0x0000000086b00000| Untracked 
|  78|0x0000000086c00000, 0x0000000086c00000, 0x0000000086d00000|  0%| F|  |TAMS 0x0000000086c00000, 0x0000000086c00000| Untracked 
|  79|0x0000000086d00000, 0x0000000086d00000, 0x0000000086e00000|  0%| F|  |TAMS 0x0000000086d00000, 0x0000000086d00000| Untracked 
|  80|0x0000000086e00000, 0x0000000086e00000, 0x0000000086f00000|  0%| F|  |TAMS 0x0000000086e00000, 0x0000000086e00000| Untracked 
|  81|0x0000000086f00000, 0x0000000086f00000, 0x0000000087000000|  0%| F|  |TAMS 0x0000000086f00000, 0x0000000086f00000| Untracked 
|  82|0x0000000087000000, 0x0000000087000000, 0x0000000087100000|  0%| F|  |TAMS 0x0000000087000000, 0x0000000087000000| Untracked 
|  83|0x0000000087100000, 0x0000000087100000, 0x0000000087200000|  0%| F|  |TAMS 0x0000000087100000, 0x0000000087100000| Untracked 
|  84|0x0000000087200000, 0x0000000087200000, 0x0000000087300000|  0%| F|  |TAMS 0x0000000087200000, 0x0000000087200000| Untracked 
|  85|0x0000000087300000, 0x0000000087300000, 0x0000000087400000|  0%| F|  |TAMS 0x0000000087300000, 0x0000000087300000| Untracked 
|  86|0x0000000087400000, 0x0000000087400000, 0x0000000087500000|  0%| F|  |TAMS 0x0000000087400000, 0x0000000087400000| Untracked 
|  87|0x0000000087500000, 0x0000000087500000, 0x0000000087600000|  0%| F|  |TAMS 0x0000000087500000, 0x0000000087500000| Untracked 
|  88|0x0000000087600000, 0x0000000087600000, 0x0000000087700000|  0%| F|  |TAMS 0x0000000087600000, 0x0000000087600000| Untracked 
|  89|0x0000000087700000, 0x0000000087700000, 0x0000000087800000|  0%| F|  |TAMS 0x0000000087700000, 0x0000000087700000| Untracked 
|  90|0x0000000087800000, 0x0000000087800000, 0x0000000087900000|  0%| F|  |TAMS 0x0000000087800000, 0x0000000087800000| Untracked 
|  91|0x0000000087900000, 0x0000000087900000, 0x0000000087a00000|  0%| F|  |TAMS 0x0000000087900000, 0x0000000087900000| Untracked 
|  92|0x0000000087a00000, 0x0000000087a00000, 0x0000000087b00000|  0%| F|  |TAMS 0x0000000087a00000, 0x0000000087a00000| Untracked 
|  93|0x0000000087b00000, 0x0000000087b00000, 0x0000000087c00000|  0%| F|  |TAMS 0x0000000087b00000, 0x0000000087b00000| Untracked 
|  94|0x0000000087c00000, 0x0000000087c00000, 0x0000000087d00000|  0%| F|  |TAMS 0x0000000087c00000, 0x0000000087c00000| Untracked 
|  95|0x0000000087d00000, 0x0000000087d00000, 0x0000000087e00000|  0%| F|  |TAMS 0x0000000087d00000, 0x0000000087d00000| Untracked 
|  96|0x0000000087e00000, 0x0000000087e00000, 0x0000000087f00000|  0%| F|  |TAMS 0x0000000087e00000, 0x0000000087e00000| Untracked 
|  97|0x0000000087f00000, 0x0000000087f00000, 0x0000000088000000|  0%| F|  |TAMS 0x0000000087f00000, 0x0000000087f00000| Untracked 
|  98|0x0000000088000000, 0x0000000088000000, 0x0000000088100000|  0%| F|  |TAMS 0x0000000088000000, 0x0000000088000000| Untracked 
|  99|0x0000000088100000, 0x0000000088100000, 0x0000000088200000|  0%| F|  |TAMS 0x0000000088100000, 0x0000000088100000| Untracked 
| 100|0x0000000088200000, 0x0000000088200000, 0x0000000088300000|  0%| F|  |TAMS 0x0000000088200000, 0x0000000088200000| Untracked 
| 101|0x0000000088300000, 0x0000000088300000, 0x0000000088400000|  0%| F|  |TAMS 0x0000000088300000, 0x0000000088300000| Untracked 
| 102|0x0000000088400000, 0x0000000088400000, 0x0000000088500000|  0%| F|  |TAMS 0x0000000088400000, 0x0000000088400000| Untracked 
| 103|0x0000000088500000, 0x0000000088500000, 0x0000000088600000|  0%| F|  |TAMS 0x0000000088500000, 0x0000000088500000| Untracked 
| 104|0x0000000088600000, 0x0000000088600000, 0x0000000088700000|  0%| F|  |TAMS 0x0000000088600000, 0x0000000088600000| Untracked 
| 105|0x0000000088700000, 0x0000000088700000, 0x0000000088800000|  0%| F|  |TAMS 0x0000000088700000, 0x0000000088700000| Untracked 
| 106|0x0000000088800000, 0x0000000088800000, 0x0000000088900000|  0%| F|  |TAMS 0x0000000088800000, 0x0000000088800000| Untracked 
| 107|0x0000000088900000, 0x0000000088900000, 0x0000000088a00000|  0%| F|  |TAMS 0x0000000088900000, 0x0000000088900000| Untracked 
| 108|0x0000000088a00000, 0x0000000088b00000, 0x0000000088b00000|100%| S|CS|TAMS 0x0000000088a00000, 0x0000000088a00000| Complete 
| 109|0x0000000088b00000, 0x0000000088c00000, 0x0000000088c00000|100%| S|CS|TAMS 0x0000000088b00000, 0x0000000088b00000| Complete 
| 110|0x0000000088c00000, 0x0000000088d00000, 0x0000000088d00000|100%| S|CS|TAMS 0x0000000088c00000, 0x0000000088c00000| Complete 
| 111|0x0000000088d00000, 0x0000000088d00000, 0x0000000088e00000|  0%| F|  |TAMS 0x0000000088d00000, 0x0000000088d00000| Untracked 
| 112|0x0000000088e00000, 0x0000000088e00000, 0x0000000088f00000|  0%| F|  |TAMS 0x0000000088e00000, 0x0000000088e00000| Untracked 
| 113|0x0000000088f00000, 0x0000000088f00000, 0x0000000089000000|  0%| F|  |TAMS 0x0000000088f00000, 0x0000000088f00000| Untracked 
| 114|0x0000000089000000, 0x0000000089000000, 0x0000000089100000|  0%| F|  |TAMS 0x0000000089000000, 0x0000000089000000| Untracked 
| 115|0x0000000089100000, 0x0000000089100000, 0x0000000089200000|  0%| F|  |TAMS 0x0000000089100000, 0x0000000089100000| Untracked 
| 116|0x0000000089200000, 0x0000000089200000, 0x0000000089300000|  0%| F|  |TAMS 0x0000000089200000, 0x0000000089200000| Untracked 
| 117|0x0000000089300000, 0x0000000089300000, 0x0000000089400000|  0%| F|  |TAMS 0x0000000089300000, 0x0000000089300000| Untracked 
| 118|0x0000000089400000, 0x0000000089400000, 0x0000000089500000|  0%| F|  |TAMS 0x0000000089400000, 0x0000000089400000| Untracked 
| 119|0x0000000089500000, 0x0000000089569100, 0x0000000089600000| 41%| E|  |TAMS 0x0000000089500000, 0x0000000089500000| Complete 
| 120|0x0000000089600000, 0x0000000089700000, 0x0000000089700000|100%| E|CS|TAMS 0x0000000089600000, 0x0000000089600000| Complete 
| 121|0x0000000089700000, 0x0000000089800000, 0x0000000089800000|100%| E|CS|TAMS 0x0000000089700000, 0x0000000089700000| Complete 
| 122|0x0000000089800000, 0x0000000089900000, 0x0000000089900000|100%| E|CS|TAMS 0x0000000089800000, 0x0000000089800000| Complete 
| 123|0x0000000089900000, 0x0000000089a00000, 0x0000000089a00000|100%| E|CS|TAMS 0x0000000089900000, 0x0000000089900000| Complete 
| 124|0x0000000089a00000, 0x0000000089b00000, 0x0000000089b00000|100%| E|CS|TAMS 0x0000000089a00000, 0x0000000089a00000| Complete 
| 125|0x0000000089b00000, 0x0000000089c00000, 0x0000000089c00000|100%| E|CS|TAMS 0x0000000089b00000, 0x0000000089b00000| Complete 
| 126|0x0000000089c00000, 0x0000000089d00000, 0x0000000089d00000|100%| E|CS|TAMS 0x0000000089c00000, 0x0000000089c00000| Complete 
| 127|0x0000000089d00000, 0x0000000089e00000, 0x0000000089e00000|100%| E|CS|TAMS 0x0000000089d00000, 0x0000000089d00000| Complete 

Card table byte_map: [0x000001f8c46d0000,0x000001f8c4ad0000] _byte_map_base: 0x000001f8c42c1000

Marking Bits (Prev, Next): (CMBitMap*) 0x000001f8b1e6abf0, (CMBitMap*) 0x000001f8b1e6ac30
 Prev Bits: [0x000001f8c4ed0000, 0x000001f8c6e58000)
 Next Bits: [0x000001f8c6e60000, 0x000001f8c8de8000)

Polling page: 0x000001f8b15b0000

Metaspace:

Usage:
  Non-class:     13.10 MB used.
      Class:      1.73 MB used.
       Both:     14.84 MB used.

Virtual space:
  Non-class space:       64.00 MB reserved,      13.19 MB ( 21%) committed,  1 nodes.
      Class space:        1.00 GB reserved,       1.81 MB ( <1%) committed,  1 nodes.
             Both:        1.06 GB reserved,      15.00 MB (  1%) committed. 

Chunk freelists:
   Non-Class:  2.27 MB
       Class:  14.20 MB
        Both:  16.47 MB

MaxMetaspaceSize: unlimited
CompressedClassSpaceSize: 1.00 GB
Initial GC threshold: 21.00 MB
Current GC threshold: 21.00 MB
CDS: off
MetaspaceReclaimPolicy: balanced
 - commit_granule_bytes: 65536.
 - commit_granule_words: 8192.
 - virtual_space_node_default_size: 8388608.
 - enlarge_chunks_in_place: 1.
 - new_chunks_are_fully_committed: 0.
 - uncommit_free_chunks: 1.
 - use_allocation_guard: 0.
 - handle_deallocations: 1.


Internal statistics:

num_allocs_failed_limit: 0.
num_arena_births: 72.
num_arena_deaths: 0.
num_vsnodes_births: 2.
num_vsnodes_deaths: 0.
num_space_committed: 240.
num_space_uncommitted: 0.
num_chunks_returned_to_freelist: 0.
num_chunks_taken_from_freelist: 273.
num_chunk_merges: 0.
num_chunk_splits: 182.
num_chunks_enlarged: 152.
num_inconsistent_stats: 0.

CodeHeap 'non-profiled nmethods': size=120000Kb used=465Kb max_used=465Kb free=119534Kb
 bounds [0x000001f8bcda0000, 0x000001f8bd010000, 0x000001f8c42d0000]
CodeHeap 'profiled nmethods': size=120000Kb used=2246Kb max_used=2246Kb free=117754Kb
 bounds [0x000001f8b52d0000, 0x000001f8b5540000, 0x000001f8bc800000]
CodeHeap 'non-nmethods': size=5760Kb used=1153Kb max_used=1170Kb free=4606Kb
 bounds [0x000001f8bc800000, 0x000001f8bca70000, 0x000001f8bcda0000]
 total_blobs=1622 nmethods=1176 adapters=359
 compilation: enabled
              stopped_count=0, restarted_count=0
 full_count=0

Compilation events (20 events):
Event: 7.966 Thread 0x000001f8cb4c07f0 1154       3       java.util.jar.Manifest$FastInputStream::fill (38 bytes)
Event: 7.967 Thread 0x000001f8cb4c07f0 nmethod 1154 0x000001f8b54f3290 code [0x000001f8b54f3440, 0x000001f8b54f3688]
Event: 7.969 Thread 0x000001f8cb4c07f0 1156       1       sun.nio.fs.WindowsFileAttributes::fileKey (2 bytes)
Event: 7.969 Thread 0x000001f8cb4c07f0 nmethod 1156 0x000001f8bce14110 code [0x000001f8bce142a0, 0x000001f8bce14378]
Event: 7.970 Thread 0x000001f8cb4c07f0 1157       3       java.net.URI::<init> (23 bytes)
Event: 7.971 Thread 0x000001f8cb4c07f0 nmethod 1157 0x000001f8b54f3790 code [0x000001f8b54f3960, 0x000001f8b54f3d48]
Event: 7.972 Thread 0x000001f8cb4c07f0 1158       3       java.net.URI::getPath (31 bytes)
Event: 7.972 Thread 0x000001f8cb4c07f0 nmethod 1158 0x000001f8b54f3e90 code [0x000001f8b54f4040, 0x000001f8b54f42c8]
Event: 7.972 Thread 0x000001f8cb4c07f0 1159       3       java.net.URI::decode (6 bytes)
Event: 7.973 Thread 0x000001f8cb4c07f0 nmethod 1159 0x000001f8b54f4390 code [0x000001f8b54f4520, 0x000001f8b54f4648]
Event: 7.997 Thread 0x000001f8cb4c07f0 1160       3       java.util.jar.JarFile::<init> (95 bytes)
Event: 7.999 Thread 0x000001f8cb4c07f0 nmethod 1160 0x000001f8b54f4710 code [0x000001f8b54f49e0, 0x000001f8b54f5a08]
Event: 7.999 Thread 0x000001f8cb4c07f0 1161       3       java.io.InputStream::readNBytes (53 bytes)
Event: 8.000 Thread 0x000001f8cb4c07f0 nmethod 1161 0x000001f8b54f5f10 code [0x000001f8b54f60e0, 0x000001f8b54f6598]
Event: 8.000 Thread 0x000001f8cb4c07f0 1163       3       java.net.URI::isOpaque (13 bytes)
Event: 8.000 Thread 0x000001f8cb4c07f0 nmethod 1163 0x000001f8b54f6790 code [0x000001f8b54f6920, 0x000001f8b54f6a98]
Event: 8.000 Thread 0x000001f8cb4c07f0 1162       3       java.io.File::<init> (196 bytes)
Event: 8.002 Thread 0x000001f8cb4c07f0 nmethod 1162 0x000001f8b54f6b10 code [0x000001f8b54f6e20, 0x000001f8b54f7d88]
Event: 8.004 Thread 0x000001f8cb4c07f0 1164  s    3       java.io.ByteArrayInputStream::read (73 bytes)
Event: 8.006 Thread 0x000001f8cb4c07f0 nmethod 1164 0x000001f8b54f8210 code [0x000001f8b54f8400, 0x000001f8b54f89f8]

GC Heap History (4 events):
Event: 1.516 GC heap before
{Heap before GC invocations=0 (full 0):
 garbage-first heap   total 131072K, used 13312K [0x0000000081e00000, 0x0000000100000000)
  region size 1024K, 13 young (13312K), 0 survivors (0K)
 Metaspace       used 8592K, committed 8768K, reserved 1114112K
  class space    used 768K, committed 832K, reserved 1048576K
}
Event: 1.528 GC heap after
{Heap after GC invocations=1 (full 0):
 garbage-first heap   total 131072K, used 3136K [0x0000000081e00000, 0x0000000100000000)
  region size 1024K, 2 young (2048K), 2 survivors (2048K)
 Metaspace       used 8592K, committed 8768K, reserved 1114112K
  class space    used 768K, committed 832K, reserved 1048576K
}
Event: 4.852 GC heap before
{Heap before GC invocations=1 (full 0):
 garbage-first heap   total 131072K, used 20544K [0x0000000081e00000, 0x0000000100000000)
  region size 1024K, 17 young (17408K), 2 survivors (2048K)
 Metaspace       used 13157K, committed 13312K, reserved 1114112K
  class space    used 1488K, committed 1536K, reserved 1048576K
}
Event: 4.862 GC heap after
{Heap after GC invocations=2 (full 0):
 garbage-first heap   total 131072K, used 10003K [0x0000000081e00000, 0x0000000100000000)
  region size 1024K, 3 young (3072K), 3 survivors (3072K)
 Metaspace       used 13157K, committed 13312K, reserved 1114112K
  class space    used 1488K, committed 1536K, reserved 1048576K
}

Dll operation events (2 events):
Event: 0.024 Loaded shared library C:\Program Files\Android\Android Studio\jbr\bin\java.dll
Event: 0.398 Loaded shared library C:\Program Files\Android\Android Studio\jbr\bin\verify.dll

Deoptimization events (20 events):
Event: 7.911 Thread 0x000001f8b1e0f2e0 DEOPT PACKING pc=0x000001f8b537ea37 sp=0x0000005f1fffc390
Event: 7.911 Thread 0x000001f8b1e0f2e0 DEOPT UNPACKING pc=0x000001f8bc857143 sp=0x0000005f1fffb858 mode 0
Event: 7.912 Thread 0x000001f8b1e0f2e0 DEOPT PACKING pc=0x000001f8b537ea37 sp=0x0000005f1fffc390
Event: 7.912 Thread 0x000001f8b1e0f2e0 DEOPT UNPACKING pc=0x000001f8bc857143 sp=0x0000005f1fffb858 mode 0
Event: 7.913 Thread 0x000001f8b1e0f2e0 DEOPT PACKING pc=0x000001f8b537ea37 sp=0x0000005f1fffc390
Event: 7.913 Thread 0x000001f8b1e0f2e0 DEOPT UNPACKING pc=0x000001f8bc857143 sp=0x0000005f1fffb858 mode 0
Event: 7.915 Thread 0x000001f8b1e0f2e0 DEOPT PACKING pc=0x000001f8b537ea37 sp=0x0000005f1fffc390
Event: 7.915 Thread 0x000001f8b1e0f2e0 DEOPT UNPACKING pc=0x000001f8bc857143 sp=0x0000005f1fffb858 mode 0
Event: 7.916 Thread 0x000001f8b1e0f2e0 DEOPT PACKING pc=0x000001f8b537ea37 sp=0x0000005f1fffc390
Event: 7.916 Thread 0x000001f8b1e0f2e0 DEOPT UNPACKING pc=0x000001f8bc857143 sp=0x0000005f1fffb858 mode 0
Event: 7.917 Thread 0x000001f8b1e0f2e0 DEOPT PACKING pc=0x000001f8b537ea37 sp=0x0000005f1fffc390
Event: 7.917 Thread 0x000001f8b1e0f2e0 DEOPT UNPACKING pc=0x000001f8bc857143 sp=0x0000005f1fffb858 mode 0
Event: 7.919 Thread 0x000001f8b1e0f2e0 DEOPT PACKING pc=0x000001f8b537ea37 sp=0x0000005f1fffbdd0
Event: 7.919 Thread 0x000001f8b1e0f2e0 DEOPT UNPACKING pc=0x000001f8bc857143 sp=0x0000005f1fffb298 mode 0
Event: 7.920 Thread 0x000001f8b1e0f2e0 DEOPT PACKING pc=0x000001f8b537ea37 sp=0x0000005f1fffc390
Event: 7.920 Thread 0x000001f8b1e0f2e0 DEOPT UNPACKING pc=0x000001f8bc857143 sp=0x0000005f1fffb858 mode 0
Event: 7.923 Thread 0x000001f8b1e0f2e0 DEOPT PACKING pc=0x000001f8b537ea37 sp=0x0000005f1fffc390
Event: 7.923 Thread 0x000001f8b1e0f2e0 DEOPT UNPACKING pc=0x000001f8bc857143 sp=0x0000005f1fffb858 mode 0
Event: 7.943 Thread 0x000001f8b1e0f2e0 DEOPT PACKING pc=0x000001f8b5385389 sp=0x0000005f1fffc2c0
Event: 7.943 Thread 0x000001f8b1e0f2e0 DEOPT UNPACKING pc=0x000001f8bc857143 sp=0x0000005f1fffb7b8 mode 0

Classes unloaded (0 events):
No events

Classes redefined (0 events):
No events

Internal exceptions (16 events):
Event: 0.774 Thread 0x000001f8b1e0f2e0 Exception <a 'java/lang/NoSuchMethodError'{0x0000000089a1d490}: 'int java.lang.invoke.DirectMethodHandle$Holder.invokeStaticInit(java.lang.Object, java.lang.Object)'> (0x0000000089a1d490) 
thrown [s\src\hotspot\share\interpreter\linkResolver.cpp, line 771]
Event: 3.066 Thread 0x000001f8b1e0f2e0 Exception <a 'java/lang/NoSuchMethodError'{0x00000000896656b0}: 'void java.lang.invoke.DirectMethodHandle$Holder.invokeStatic(java.lang.Object, java.lang.Object)'> (0x00000000896656b0) 
thrown [s\src\hotspot\share\interpreter\linkResolver.cpp, line 771]
Event: 3.238 Thread 0x000001f8b1e0f2e0 Exception <a 'java/lang/NoClassDefFoundError'{0x00000000896ee168}: org/slf4j/impl/StaticMarkerBinder> (0x00000000896ee168) 
thrown [s\src\hotspot\share\classfile\systemDictionary.cpp, line 245]
Event: 3.305 Thread 0x000001f8b1e0f2e0 Exception <a 'java/lang/NoSuchMethodError'{0x000000008958a020}: 'java.lang.Object java.lang.invoke.DirectMethodHandle$Holder.invokeVirtual(java.lang.Object, java.lang.Object, java.lang.Object, java.lang.Object, java.lang.Object, java.lang.Object, java.lang.Object)'> (0x000000008958a020) 
thrown [s\src\hotspot\share\interpreter\linkResolver.cpp, line 771]
Event: 3.315 Thread 0x000001f8b1e0f2e0 Exception <a 'java/lang/NoSuchMethodError'{0x000000008959bbc0}: 'java.lang.Object java.lang.invoke.Invokers$Holder.invoker(java.lang.Object, java.lang.Object, java.lang.Object)'> (0x000000008959bbc0) 
thrown [s\src\hotspot\share\interpreter\linkResolver.cpp, line 771]
Event: 3.321 Thread 0x000001f8b1e0f2e0 Exception <a 'java/lang/NoSuchMethodError'{0x00000000895a4f68}: 'java.lang.Object java.lang.invoke.DirectMethodHandle$Holder.invokeStatic(java.lang.Object, java.lang.Object, int)'> (0x00000000895a4f68) 
thrown [s\src\hotspot\share\interpreter\linkResolver.cpp, line 771]
Event: 3.329 Thread 0x000001f8b1e0f2e0 Exception <a 'java/lang/NoSuchMethodError'{0x00000000895b0c58}: 'void java.lang.invoke.DelegatingMethodHandle$Holder.delegate(java.lang.Object, java.lang.Object, int, java.lang.Object)'> (0x00000000895b0c58) 
thrown [s\src\hotspot\share\interpreter\linkResolver.cpp, line 771]
Event: 3.331 Thread 0x000001f8b1e0f2e0 Exception <a 'java/lang/NoSuchMethodError'{0x00000000895b4da0}: 'int java.lang.invoke.DirectMethodHandle$Holder.invokeSpecial(java.lang.Object, java.lang.Object, java.lang.Object)'> (0x00000000895b4da0) 
thrown [s\src\hotspot\share\interpreter\linkResolver.cpp, line 771]
Event: 3.349 Thread 0x000001f8b1e0f2e0 Exception <a 'java/lang/NoSuchMethodError'{0x00000000895c7f58}: 'java.lang.Object java.lang.invoke.Invokers$Holder.invokeExact_MT(java.lang.Object, java.lang.Object, java.lang.Object, java.lang.Object)'> (0x00000000895c7f58) 
thrown [s\src\hotspot\share\interpreter\linkResolver.cpp, line 771]
Event: 4.376 Thread 0x000001f8b1e0f2e0 Exception <a 'java/lang/NoSuchMethodError'{0x0000000088e0bad0}: 'void java.lang.invoke.DirectMethodHandle$Holder.invokeSpecial(java.lang.Object, java.lang.Object, java.lang.Object)'> (0x0000000088e0bad0) 
thrown [s\src\hotspot\share\interpreter\linkResolver.cpp, line 771]
Event: 4.477 Thread 0x000001f8b1e0f2e0 Implicit null exception at 0x000001f8bcdee28f to 0x000001f8bcdee6c0
Event: 4.478 Thread 0x000001f8b1e0f2e0 Implicit null exception at 0x000001f8bcde1c8f to 0x000001f8bcde2094
Event: 4.711 Thread 0x000001f8b1e0f2e0 Exception <a 'java/lang/NoSuchMethodError'{0x0000000088dac580}: 'java.lang.Object java.lang.invoke.DirectMethodHandle$Holder.invokeStaticInit(java.lang.Object)'> (0x0000000088dac580) 
thrown [s\src\hotspot\share\interpreter\linkResolver.cpp, line 771]
Event: 5.682 Thread 0x000001f8b1e0f2e0 Exception <a 'java/lang/NoSuchMethodError'{0x0000000089aee170}: 'java.lang.Object java.lang.invoke.DirectMethodHandle$Holder.invokeStaticInit(java.lang.Object, int, int, int, int)'> (0x0000000089aee170) 
thrown [s\src\hotspot\share\interpreter\linkResolver.cpp, line 771]
Event: 6.482 Thread 0x000001f8b1e0f2e0 Exception <a 'java/lang/NoSuchMethodError'{0x000000008996c618}: 'java.lang.Object java.lang.invoke.DirectMethodHandle$Holder.invokeStaticInit(java.lang.Object, java.lang.Object, int, int, int, int)'> (0x000000008996c618) 
thrown [s\src\hotspot\share\interpreter\linkResolver.cpp, line 771]
Event: 7.720 Thread 0x000001f8b1e0f2e0 Exception <a 'java/lang/NoSuchMethodError'{0x00000000899995c0}: 'void java.lang.invoke.DirectMethodHandle$Holder.invokeStatic(java.lang.Object, java.lang.Object, java.lang.Object)'> (0x00000000899995c0) 
thrown [s\src\hotspot\share\interpreter\linkResolver.cpp, line 771]

VM Operations (20 events):
Event: 1.382 Executing VM operation: Cleanup
Event: 1.383 Executing VM operation: Cleanup done
Event: 1.514 Executing VM operation: G1CollectForAllocation
Event: 1.529 Executing VM operation: G1CollectForAllocation done
Event: 2.535 Executing VM operation: Cleanup
Event: 2.535 Executing VM operation: Cleanup done
Event: 3.320 Executing VM operation: HandshakeAllThreads
Event: 3.320 Executing VM operation: HandshakeAllThreads done
Event: 4.323 Executing VM operation: Cleanup
Event: 4.360 Executing VM operation: Cleanup done
Event: 4.852 Executing VM operation: G1CollectForAllocation
Event: 4.862 Executing VM operation: G1CollectForAllocation done
Event: 5.335 Executing VM operation: HandshakeAllThreads
Event: 5.335 Executing VM operation: HandshakeAllThreads done
Event: 6.329 Executing VM operation: HandshakeAllThreads
Event: 6.329 Executing VM operation: HandshakeAllThreads done
Event: 6.329 Executing VM operation: Cleanup
Event: 6.329 Executing VM operation: Cleanup done
Event: 7.330 Executing VM operation: Cleanup
Event: 7.331 Executing VM operation: Cleanup done

Events (20 events):
Event: 7.728 loading class sun/nio/ch/OptionKey
Event: 7.728 loading class sun/nio/ch/OptionKey done
Event: 7.728 loading class sun/nio/ch/ExtendedSocketOption
Event: 7.728 loading class sun/nio/ch/ExtendedSocketOption done
Event: 7.728 loading class sun/nio/ch/ExtendedSocketOption$1
Event: 7.729 loading class sun/nio/ch/ExtendedSocketOption$1 done
Event: 7.740 loading class java/nio/channels/OverlappingFileLockException
Event: 7.740 loading class java/nio/channels/OverlappingFileLockException done
Event: 7.741 loading class java/io/EOFException
Event: 7.741 loading class java/io/EOFException done
Event: 7.761 loading class java/io/DataInputStream
Event: 7.761 loading class java/io/DataInputStream done
Event: 7.788 loading class java/io/DataOutputStream
Event: 7.788 loading class java/io/DataOutputStream done
Event: 7.795 loading class java/io/FileOutputStream$1
Event: 7.796 loading class java/io/FileOutputStream$1 done
Event: 7.799 loading class java/util/Arrays$LegacyMergeSort
Event: 7.799 loading class java/util/Arrays$LegacyMergeSort done
Event: 7.799 loading class java/util/TimSort
Event: 7.800 loading class java/util/TimSort done


Dynamic libraries:
0x00007ff6ad600000 - 0x00007ff6ad60a000 	C:\Program Files\Android\Android Studio\jbr\bin\java.exe
0x00007fff387f0000 - 0x00007fff38a04000 	C:\WINDOWS\SYSTEM32\ntdll.dll
0x00007fff35470000 - 0x00007fff35489000 	C:\Program Files\Avast Software\Avast\aswhook.dll
0x00007fff370f0000 - 0x00007fff371b2000 	C:\WINDOWS\System32\KERNEL32.DLL
0x00007fff36120000 - 0x00007fff364c3000 	C:\WINDOWS\System32\KERNELBASE.dll
0x00007fff32090000 - 0x00007fff32126000 	C:\WINDOWS\SYSTEM32\apphelp.dll
0x00007fff364d0000 - 0x00007fff365e1000 	C:\WINDOWS\System32\ucrtbase.dll
0x00007fff09900000 - 0x00007fff09917000 	C:\Program Files\Android\Android Studio\jbr\bin\jli.dll
0x00007fff36e30000 - 0x00007fff36fdb000 	C:\WINDOWS\System32\USER32.dll
0x00007fff35c10000 - 0x00007fff35c36000 	C:\WINDOWS\System32\win32u.dll
0x00007fff37330000 - 0x00007fff37359000 	C:\WINDOWS\System32\GDI32.dll
0x00007fff35dd0000 - 0x00007fff35ee3000 	C:\WINDOWS\System32\gdi32full.dll
0x00007fff35c40000 - 0x00007fff35cda000 	C:\WINDOWS\System32\msvcp_win.dll
0x00007fff098e0000 - 0x00007fff098fb000 	C:\Program Files\Android\Android Studio\jbr\bin\VCRUNTIME140.dll
0x00007fff34e20000 - 0x00007fff350ae000 	C:\WINDOWS\WinSxS\amd64_microsoft.windows.common-controls_6595b64144ccf1df_6.0.22621.1465_none_271271ab738361f1\COMCTL32.dll
0x00007fff368c0000 - 0x00007fff36967000 	C:\WINDOWS\System32\msvcrt.dll
0x00007fff36df0000 - 0x00007fff36e21000 	C:\WINDOWS\System32\IMM32.DLL
0x00007fff2e2d0000 - 0x00007fff2e2dc000 	C:\Program Files\Android\Android Studio\jbr\bin\vcruntime140_1.dll
0x00007fff09830000 - 0x00007fff098bd000 	C:\Program Files\Android\Android Studio\jbr\bin\msvcp140.dll
0x00007fff087b0000 - 0x00007fff09433000 	C:\Program Files\Android\Android Studio\jbr\bin\server\jvm.dll
0x00007fff379a0000 - 0x00007fff37a4e000 	C:\WINDOWS\System32\ADVAPI32.dll
0x00007fff38700000 - 0x00007fff387a4000 	C:\WINDOWS\System32\sechost.dll
0x00007fff36740000 - 0x00007fff36857000 	C:\WINDOWS\System32\RPCRT4.dll
0x00007fff21ae0000 - 0x00007fff21ae9000 	C:\WINDOWS\SYSTEM32\WSOCK32.dll
0x00007fff372b0000 - 0x00007fff37321000 	C:\WINDOWS\System32\WS2_32.dll
0x00007fff32240000 - 0x00007fff3224a000 	C:\WINDOWS\SYSTEM32\VERSION.dll
0x00007fff2cbf0000 - 0x00007fff2cc24000 	C:\WINDOWS\SYSTEM32\WINMM.dll
0x00007fff35540000 - 0x00007fff3558d000 	C:\WINDOWS\SYSTEM32\POWRPROF.dll
0x00007fff35120000 - 0x00007fff35133000 	C:\WINDOWS\SYSTEM32\UMPDC.dll
0x00007fff33d30000 - 0x00007fff33d48000 	C:\WINDOWS\SYSTEM32\kernel.appcore.dll
0x00007fff28120000 - 0x00007fff2812a000 	C:\Program Files\Android\Android Studio\jbr\bin\jimage.dll
0x00007fff35590000 - 0x00007fff357be000 	C:\WINDOWS\SYSTEM32\DBGHELP.DLL
0x00007fff37a50000 - 0x00007fff37dd9000 	C:\WINDOWS\System32\combase.dll
0x00007fff371c0000 - 0x00007fff37297000 	C:\WINDOWS\System32\OLEAUT32.dll
0x00007fff35400000 - 0x00007fff35432000 	C:\WINDOWS\SYSTEM32\dbgcore.DLL
0x00007fff35d50000 - 0x00007fff35dcb000 	C:\WINDOWS\System32\bcryptPrimitives.dll
0x00007fff09800000 - 0x00007fff09825000 	C:\Program Files\Android\Android Studio\jbr\bin\java.dll
0x00007fff097b0000 - 0x00007fff097c8000 	C:\Program Files\Android\Android Studio\jbr\bin\zip.dll
0x00007fff37f00000 - 0x00007fff386fa000 	C:\WINDOWS\System32\SHELL32.dll
0x00007fff32ce0000 - 0x00007fff335ae000 	C:\WINDOWS\SYSTEM32\windows.storage.dll
0x00007fff32ba0000 - 0x00007fff32cde000 	C:\WINDOWS\SYSTEM32\wintypes.dll
0x00007fff36fe0000 - 0x00007fff370d1000 	C:\WINDOWS\System32\SHCORE.dll
0x00007fff36860000 - 0x00007fff368be000 	C:\WINDOWS\System32\shlwapi.dll
0x00007fff35b40000 - 0x00007fff35b61000 	C:\WINDOWS\SYSTEM32\profapi.dll
0x00007fff09790000 - 0x00007fff097a9000 	C:\Program Files\Android\Android Studio\jbr\bin\net.dll
0x00007fff2e190000 - 0x00007fff2e2c7000 	C:\WINDOWS\SYSTEM32\WINHTTP.dll
0x00007fff34150000 - 0x00007fff341b9000 	C:\WINDOWS\system32\mswsock.dll
0x00007fff08790000 - 0x00007fff087a6000 	C:\Program Files\Android\Android Studio\jbr\bin\nio.dll
0x00007fff27200000 - 0x00007fff27210000 	C:\Program Files\Android\Android Studio\jbr\bin\verify.dll
0x00007fff08760000 - 0x00007fff08787000 	C:\Users\monda\.gradle\native\c067742578af261105cb4f569cf0c3c89f3d7b1fecec35dd04571415982c5e48\windows-amd64\native-platform.dll
0x00007fff22ba0000 - 0x00007fff22ba9000 	C:\Program Files\Android\Android Studio\jbr\bin\management.dll
0x00007fff228c0000 - 0x00007fff228cb000 	C:\Program Files\Android\Android Studio\jbr\bin\management_ext.dll
0x00007fff370e0000 - 0x00007fff370e8000 	C:\WINDOWS\System32\PSAPI.DLL
0x00007fff358b0000 - 0x00007fff358cb000 	C:\WINDOWS\SYSTEM32\CRYPTSP.dll
0x00007fff33ca0000 - 0x00007fff33cd5000 	C:\WINDOWS\system32\rsaenh.dll
0x00007fff34260000 - 0x00007fff34288000 	C:\WINDOWS\SYSTEM32\USERENV.dll
0x00007fff35440000 - 0x00007fff35468000 	C:\WINDOWS\SYSTEM32\bcrypt.dll
0x00007fff344d0000 - 0x00007fff344dc000 	C:\WINDOWS\SYSTEM32\CRYPTBASE.dll
0x00007fff33840000 - 0x00007fff3386d000 	C:\WINDOWS\SYSTEM32\IPHLPAPI.DLL
0x00007fff365f0000 - 0x00007fff365f9000 	C:\WINDOWS\System32\NSI.dll
0x00007fff2df80000 - 0x00007fff2df99000 	C:\WINDOWS\SYSTEM32\dhcpcsvc6.DLL
0x00007fff2e4c0000 - 0x00007fff2e4df000 	C:\WINDOWS\SYSTEM32\dhcpcsvc.DLL
0x00007fff33870000 - 0x00007fff33963000 	C:\WINDOWS\SYSTEM32\DNSAPI.dll

dbghelp: loaded successfully - version: 4.0.5 - missing functions: none
symbol engine: initialized successfully - sym options: 0x614 - pdb path: .;C:\Program Files\Android\Android Studio\jbr\bin;C:\WINDOWS\SYSTEM32;C:\Program Files\Avast Software\Avast;C:\WINDOWS\WinSxS\amd64_microsoft.windows.common-controls_6595b64144ccf1df_6.0.22621.1465_none_271271ab738361f1;C:\Program Files\Android\Android Studio\jbr\bin\server;C:\Users\monda\.gradle\native\c067742578af261105cb4f569cf0c3c89f3d7b1fecec35dd04571415982c5e48\windows-amd64

VM Arguments:
jvm_args: -Dorg.gradle.appname=gradlew 
java_command: org.gradle.wrapper.GradleWrapperMain -q -Ptarget-platform=android-arm64 -Ptarget=C:\Users\monda\OneDrive\Desktop\workspace\my_gender\lib\main.dart -Pbase-application-name=android.app.Application -Pdart-defines=RkxVVFRFUl9XRUJfQ0FOVkFTS0lUX1VSTD1odHRwczovL3d3dy5nc3RhdGljLmNvbS9mbHV0dGVyLWNhbnZhc2tpdC9mNjM0NGI3NWRjZjg2MWQ4YmYxZjEzMjI3ODBiODgxMWY5ODJlMzFhLw== -Pdart-obfuscation=false -Ptrack-widget-creation=true -Ptree-shake-icons=false -Pfilesystem-scheme=org-dartlang-root assembleDebug
java_class_path (initial): C:\Users\monda\OneDrive\Desktop\workspace\my_gender\android\\gradle\wrapper\gradle-wrapper.jar
Launcher Type: SUN_STANDARD

[Global flags]
     intx CICompilerCount                          = 3                                         {product} {ergonomic}
     uint ConcGCThreads                            = 1                                         {product} {ergonomic}
     uint G1ConcRefinementThreads                  = 4                                         {product} {ergonomic}
   size_t G1HeapRegionSize                         = 1048576                                   {product} {ergonomic}
    uintx GCDrainStackTargetSize                   = 64                                        {product} {ergonomic}
   size_t InitialHeapSize                          = 134217728                                 {product} {ergonomic}
   size_t MarkStackSize                            = 4194304                                   {product} {ergonomic}
   size_t MaxHeapSize                              = 2116026368                                {product} {ergonomic}
   size_t MaxNewSize                               = 1268776960                                {product} {ergonomic}
   size_t MinHeapDeltaBytes                        = 1048576                                   {product} {ergonomic}
   size_t MinHeapSize                              = 8388608                                   {product} {ergonomic}
    uintx NonNMethodCodeHeapSize                   = 5832780                                {pd product} {ergonomic}
    uintx NonProfiledCodeHeapSize                  = 122912730                              {pd product} {ergonomic}
    uintx ProfiledCodeHeapSize                     = 122912730                              {pd product} {ergonomic}
    uintx ReservedCodeCacheSize                    = 251658240                              {pd product} {ergonomic}
     bool SegmentedCodeCache                       = true                                      {product} {ergonomic}
   size_t SoftMaxHeapSize                          = 2116026368                             {manageable} {ergonomic}
     bool UseCompressedClassPointers               = true                           {product lp64_product} {ergonomic}
     bool UseCompressedOops                        = true                           {product lp64_product} {ergonomic}
     bool UseG1GC                                  = true                                      {product} {ergonomic}
     bool UseLargePagesIndividualAllocation        = false                                  {pd product} {ergonomic}

Logging:
Log output configuration:
 #0: stdout all=warning uptime,level,tags
 #1: stderr all=off uptime,level,tags

Environment Variables:
JAVA_HOME=C:\Program Files\Android\Android Studio\jbr
CLASSPATH=C:\Users\monda\OneDrive\Desktop\workspace\my_gender\android\\gradle\wrapper\gradle-wrapper.jar
PATH=C:\Program Files\Android\Android Studio\jbr\bin;C:\Users\monda\AppData\Local\cloud-code\installer\google-cloud-sdk\bin;C:\Program Files\Common Files\Oracle\Java\javapath;C:\Users\monda\AppData\Local\Pub\Cache\bin;C:\WINDOWS\system32;C:\WINDOWS;C:\WINDOWS\System32\Wbem;C:\WINDOWS\System32\WindowsPowerShell\v1.0\;C:\WINDOWS\System32\OpenSSH\;C:\Program Files\Git\cmd;C:\Program Files\nodejs\;C:\scrcpy;C:\Program Files\Microsoft VS Code\bin;C:\Program Files (x86)\Windows Kits\10\Windows Performance Toolkit\;C:\Strawberry\c\bin;C:\Strawberry\perl\site\bin;C:\Strawberry\perl\bin;C:\src\flutter\bin\cache\dart-sdk\bin;C:\src\flutter\bin;C:\Program Files\Java\jdk-18.0.2.1\bin;C:\Users\monda\AppData\Local\Programs\Python\Python311\Scripts\;C:\Users\monda\AppData\Local\Programs\Python\Python311\;C:\Users\Monda\AppData\Local\Programs\MiKTeX\miktex\bin\x64;C:\Users\monda\AppData\Roaming\npm;;C:\Users\monda\AppData\Local\Google\Cloud SDK\google-cloud-sdk\bin;C:\Program Files (x86)\Google\Cloud SDK\google-cloud-sdk\bin;C:\Program Files\Google\Cloud SDK\google-cloud-sdk\bin;C:\src\flutter\bin\mingit\cmd;C:\src\flutter\bin\mingit\cmd
USERNAME=monda
OS=Windows_NT
PROCESSOR_IDENTIFIER=Intel64 Family 6 Model 78 Stepping 3, GenuineIntel
TMP=C:\Users\monda\AppData\Local\Temp
TEMP=C:\Users\monda\AppData\Local\Temp



Periodic native trim disabled

JNI global refs:
JNI global refs: 22, weak refs: 0

JNI global refs memory usage: 843, weak refs: 841

OOME stack traces (most recent first):
Classloader memory used:
Loader bootstrap                                                                       : 1408K
Loader org.gradle.internal.classloader.VisitableURLClassLoader                         : 455K
Loader java.net.URLClassLoader                                                         : 26124B
Loader jdk.internal.loader.ClassLoaders$AppClassLoader                                 : 18431B

Classes loaded by more than one classloader:
Class org.gradle.internal.installation.GradleInstallation                             : loaded 2 times (x 73B)
Class org.gradle.cli.ParsedCommandLine                                                : loaded 2 times (x 78B)
Class org.gradle.internal.classpath.ClassPath                                         : loaded 2 times (x 68B)
Class org.gradle.api.internal.classpath.DefaultModuleRegistry                         : loaded 2 times (x 84B)
Class org.gradle.api.Action                                                           : loaded 2 times (x 68B)
Class org.gradle.cli.CommandLineParser$OptionString                                   : loaded 2 times (x 71B)
Class org.gradle.internal.installation.GradleInstallation$1                           : loaded 2 times (x 73B)
Class org.gradle.cli.CommandLineParser$AfterOptions                                   : loaded 2 times (x 75B)
Class org.gradle.internal.classpath.DefaultClassPath$ImmutableUniqueList$Builder      : loaded 2 times (x 73B)
Class org.gradle.cli.CommandLineParser$AfterFirstSubCommand                           : loaded 2 times (x 75B)
Class org.gradle.internal.classloader.ClassLoaderVisitor                              : loaded 2 times (x 74B)
Class org.gradle.internal.service.UnknownServiceException                             : loaded 2 times (x 81B)
Class org.gradle.api.GradleException                                                  : loaded 2 times (x 80B)
Class org.gradle.api.internal.classpath.ModuleRegistry                                : loaded 2 times (x 68B)
Class org.gradle.cli.CommandLineParser$KnownOptionParserState                         : loaded 2 times (x 74B)
Class org.gradle.internal.classloader.ClasspathUtil$1                                 : loaded 2 times (x 74B)
Class org.gradle.cli.AbstractPropertiesCommandLineConverter                           : loaded 2 times (x 81B)
Class org.gradle.api.internal.classpath.ManifestUtil                                  : loaded 2 times (x 69B)
Class org.gradle.api.specs.Spec                                                       : loaded 2 times (x 68B)
Class org.gradle.cli.SystemPropertiesCommandLineConverter                             : loaded 2 times (x 81B)
Class org.gradle.internal.IoActions                                                   : loaded 2 times (x 69B)
Class org.gradle.api.internal.classpath.EffectiveClassPath                            : loaded 2 times (x 88B)
Class org.gradle.internal.installation.CurrentGradleInstallation                      : loaded 2 times (x 71B)
Class org.gradle.internal.installation.CurrentGradleInstallationLocator               : loaded 2 times (x 69B)
Class org.gradle.api.internal.classpath.Module                                        : loaded 2 times (x 68B)
Class org.gradle.internal.classpath.DefaultClassPath                                  : loaded 2 times (x 88B)
Class org.gradle.api.Transformer                                                      : loaded 2 times (x 68B)
Class org.gradle.cli.CommandLineParser                                                : loaded 2 times (x 77B)
Class org.gradle.cli.CommandLineParser$BeforeFirstSubCommand                          : loaded 2 times (x 75B)
Class org.gradle.internal.classloader.SystemClassLoaderSpec                           : loaded 2 times (x 69B)
Class org.gradle.cli.CommandLineOption                                                : loaded 2 times (x 84B)
Class org.gradle.cli.CommandLineParser$ParserState                                    : loaded 2 times (x 74B)
Class org.gradle.cli.CommandLineParser$MissingOptionArgState                          : loaded 2 times (x 75B)
Class org.gradle.api.UncheckedIOException                                             : loaded 2 times (x 80B)
Class org.gradle.cli.ParsedCommandLineOption                                          : loaded 2 times (x 74B)
Class org.gradle.internal.classloader.ClasspathUtil                                   : loaded 2 times (x 69B)
Class org.gradle.api.internal.classpath.DefaultModuleRegistry$DefaultModule           : loaded 2 times (x 84B)
Class org.gradle.cli.CommandLineParser$UnknownOptionParserState                       : loaded 2 times (x 74B)
Class org.gradle.api.internal.classpath.UnknownModuleException                        : loaded 2 times (x 80B)
Class org.gradle.internal.service.ServiceLookupException                              : loaded 2 times (x 80B)
Class org.gradle.cache.GlobalCache                                                    : loaded 2 times (x 68B)
Class org.gradle.util.internal.GUtil                                                  : loaded 2 times (x 69B)
Class org.gradle.internal.classloader.ClassLoaderSpec                                 : loaded 2 times (x 69B)
Class org.gradle.cli.CommandLineParser$OptionAwareParserState                         : loaded 2 times (x 75B)
Class org.gradle.cli.CommandLineParser$OptionParserState                              : loaded 2 times (x 73B)
Class org.gradle.internal.Cast                                                        : loaded 2 times (x 69B)
Class org.gradle.internal.classloader.ClassLoaderHierarchy                            : loaded 2 times (x 68B)
Class org.gradle.cli.CommandLineConverter                                             : loaded 2 times (x 68B)
Class org.gradle.internal.classpath.DefaultClassPath$ImmutableUniqueList              : loaded 2 times (x 159B)
Class org.gradle.cli.AbstractCommandLineConverter                                     : loaded 2 times (x 77B)
Class org.gradle.cli.CommandLineArgumentException                                     : loaded 2 times (x 80B)


---------------  S Y S T E M  ---------------

OS:
 Windows 11 , 64 bit Build 22621 (10.0.22621.1537)
OS uptime: 0 days 12:45 hours
Hyper-V role detected

CPU: total 4 (initial active 4) (2 cores per cpu, 2 threads per core) family 6 model 78 stepping 3 microcode 0xf0, cx8, cmov, fxsr, ht, mmx, 3dnowpref, sse, sse2, sse3, ssse3, sse4.1, sse4.2, popcnt, lzcnt, tsc, tscinvbit, avx, avx2, aes, erms, clmul, bmi1, bmi2, rtm, adx, fma, vzeroupper, clflush, clflushopt, hv
Processor Information for all 4 processors :
  Max Mhz: 2808, Current Mhz: 2607, Mhz Limit: 2583

Memory: 4k page, system-wide physical 8067M (579M free)
TotalPageFile size 21926M (AvailPageFile size 28M)
current process WorkingSet (physical memory assigned to process): 86M, peak: 86M
current process commit charge ("private bytes"): 218M, peak: 220M

vm_info: OpenJDK 64-Bit Server VM (17.0.9+0--11185874) for windows-amd64 JRE (17.0.9+0--11185874), built on Dec  6 2023 18:57:44 by "androidbuild" with MS VC++ 16.10 / 16.11 (VS2019)

END.
